  speechManager.cpp
D:\Visual Studio\code\speechcompete\speechcompete\speechManager.cpp(26,20): warning C4018: “<”: 有符号/无符号不匹配
D:\Visual Studio\code\speechcompete\speechcompete\speechManager.cpp(255,21): warning C4018: “<”: 有符号/无符号不匹配
D:\Visual Studio\2019\VC\Tools\MSVC\14.26.28801\include\numeric(35,26): warning C4244: “=”: 从“double”转换到“_Ty”，可能丢失数据
          with
          [
              _Ty=float
          ]
D:\Visual Studio\2019\VC\Tools\MSVC\14.26.28801\include\numeric(44): message : 查看对正在编译的函数 模板 实例化“_Ty std::accumulate<_InIt,_Ty,std::plus<void>>(const _InIt,const _InIt,_Ty,_Fn)”的引用
          with
          [
              _Ty=float,
              _InIt=std::_Deque_iterator<std::_Deque_val<std::_Deque_simple_types<double>>>,
              _Fn=std::plus<void>
          ]
D:\Visual Studio\code\speechcompete\speechcompete\speechManager.cpp(138): message : 查看对正在编译的函数 模板 实例化“_Ty std::accumulate<std::_Deque_iterator<std::_Deque_val<std::_Deque_simple_types<double>>>,float>(const _InIt,const _InIt,_Ty)”的引用
          with
          [
              _Ty=float,
              _InIt=std::_Deque_iterator<std::_Deque_val<std::_Deque_simple_types<double>>>
          ]
  speechcompete.cpp
  正在生成代码...
  speechcompete.vcxproj -> D:\Visual Studio\code\speechcompete\Debug\speechcompete.exe
